<?xml version="1.0" encoding="UTF-8"?>
<testsuite xmlns:xsi="http://www.w3.org/2001/XMLSchema-instance" xsi:noNamespaceSchemaLocation="https://maven.apache.org/surefire/maven-surefire-plugin/xsd/surefire-test-report.xsd" name="TakingOrdersTests" time="3.492" tests="5" errors="0" skipped="0" failures="5">
  <properties>
[...]
</properties>
  <testcase name="acceptanceOfNewOrderWithWrongCourierId" classname="TakingOrdersTests" time="1.008">
    <failure message="1 expectation failed.&#10;JSON path message doesn&apos;t match.&#10;Expected: is &quot;Курьера с таким id не существует&quot;&#10;  Actual: Not Found.&#10;" type="java.lang.AssertionError">java.lang.AssertionError: 
1 expectation failed.
JSON path message doesn't match.
Expected: is "Курьера с таким id не существует"
  Actual: Not Found.

	at TakingOrdersTests.acceptanceOfNewOrderWithWrongCourierId(TakingOrdersTests.java:54)
</failure>
  </testcase>
  <testcase name="acceptanceOfNewOrderWithWrongOrderId" classname="TakingOrdersTests" time="0.373">
    <failure message="1 expectation failed.&#10;JSON path message doesn&apos;t match.&#10;Expected: is &quot;Заказа с таким id не существует&quot;&#10;  Actual: Not Found.&#10;" type="java.lang.AssertionError">java.lang.AssertionError: 
1 expectation failed.
JSON path message doesn't match.
Expected: is "Заказа с таким id не существует"
  Actual: Not Found.

	at TakingOrdersTests.acceptanceOfNewOrderWithWrongOrderId(TakingOrdersTests.java:62)
</failure>
  </testcase>
  <testcase name="acceptanceOfNewOrderWithoutCourierId" classname="TakingOrdersTests" time="0.818">
    <failure message="1 expectation failed.&#10;Expected status code &lt;400&gt; but was &lt;404&gt;.&#10;" type="java.lang.AssertionError"><![CDATA[java.lang.AssertionError: 
1 expectation failed.
Expected status code <400> but was <404>.

	at TakingOrdersTests.acceptanceOfNewOrderWithoutCourierId(TakingOrdersTests.java:42)
]]></failure>
  </testcase>
  <testcase name="successfulAcceptanceOfNewOrder" classname="TakingOrdersTests" time="0.837">
    <failure message="1 expectation failed.&#10;Expected status code &lt;200&gt; but was &lt;404&gt;.&#10;" type="java.lang.AssertionError"><![CDATA[java.lang.AssertionError: 
1 expectation failed.
Expected status code <200> but was <404>.

	at TakingOrdersTests.successfulAcceptanceOfNewOrder(TakingOrdersTests.java:30)
]]></failure>
  </testcase>
  <testcase name="acceptanceOfNewOrderWithoutOrderId" classname="TakingOrdersTests" time="0.446">
    <failure message="1 expectation failed.&#10;Expected status code &lt;400&gt; but was &lt;404&gt;.&#10;" type="java.lang.AssertionError"><![CDATA[java.lang.AssertionError: 
1 expectation failed.
Expected status code <400> but was <404>.

	at TakingOrdersTests.acceptanceOfNewOrderWithoutOrderId(TakingOrdersTests.java:70)
]]></failure>
  </testcase>
</testsuite>